[0.299s] DEBUG:colcon:Command line arguments: ['/usr/bin/colcon', 'build']
[0.300s] DEBUG:colcon:Parsed command line arguments: Namespace(allow_overriding=[], ament_cmake_args=None, base_paths=['.'], build_base='build', catkin_cmake_args=None, catkin_skip_building_tests=False, cmake_args=None, cmake_clean_cache=False, cmake_clean_first=False, cmake_force_configure=False, cmake_target=None, cmake_target_skip_unavailable=False, continue_on_error=False, event_handlers=None, executor='parallel', ignore_user_meta=False, install_base='install', log_base=None, log_level=None, main=<bound method BuildVerb.main of <colcon_core.verb.build.BuildVerb object at 0x7fb2c4946910>>, merge_install=False, metas=['./colcon.meta'], packages_above=None, packages_above_and_dependencies=None, packages_above_depth=None, packages_end=None, packages_ignore=None, packages_ignore_regex=None, packages_select=None, packages_select_build_failed=False, packages_select_by_dep=None, packages_select_regex=None, packages_select_test_failures=False, packages_skip=None, packages_skip_build_finished=False, packages_skip_by_dep=None, packages_skip_regex=None, packages_skip_test_passed=False, packages_skip_up_to=None, packages_start=None, packages_up_to=None, packages_up_to_regex=None, parallel_workers=8, paths=None, symlink_install=False, test_result_base=None, verb_extension=<colcon_core.verb.build.BuildVerb object at 0x7fb2c4946910>, verb_name='build', verb_parser=<colcon_defaults.argument_parser.defaults.DefaultArgumentsDecorator object at 0x7fb2c47d12e0>)
[0.521s] Level 1:colcon.colcon_core.package_discovery:discover_packages(colcon_meta) check parameters
[0.521s] Level 1:colcon.colcon_core.package_discovery:discover_packages(recursive) check parameters
[0.521s] Level 1:colcon.colcon_core.package_discovery:discover_packages(ignore) check parameters
[0.521s] Level 1:colcon.colcon_core.package_discovery:discover_packages(path) check parameters
[0.522s] Level 1:colcon.colcon_core.package_discovery:discover_packages(colcon_meta) discover
[0.522s] Level 1:colcon.colcon_core.package_discovery:discover_packages(recursive) discover
[0.522s] INFO:colcon.colcon_core.package_discovery:Crawling recursively for packages in '/home/tony/drive_robot_ws/src/articubot_one'
[0.522s] Level 1:colcon.colcon_core.package_identification:_identify(.) by extensions ['ignore', 'ignore_ament_install']
[0.522s] Level 1:colcon.colcon_core.package_identification:_identify(.) by extension 'ignore'
[0.522s] Level 1:colcon.colcon_core.package_identification:_identify(.) by extension 'ignore_ament_install'
[0.522s] Level 1:colcon.colcon_core.package_identification:_identify(.) by extensions ['colcon_pkg']
[0.522s] Level 1:colcon.colcon_core.package_identification:_identify(.) by extension 'colcon_pkg'
[0.522s] Level 1:colcon.colcon_core.package_identification:_identify(.) by extensions ['colcon_meta']
[0.522s] Level 1:colcon.colcon_core.package_identification:_identify(.) by extension 'colcon_meta'
[0.522s] Level 1:colcon.colcon_core.package_identification:_identify(.) by extensions ['ros']
[0.522s] Level 1:colcon.colcon_core.package_identification:_identify(.) by extension 'ros'
[0.549s] DEBUG:colcon.colcon_core.package_identification:Package '.' with type 'ros.ament_cmake' and name 'articubot_one'
[0.549s] Level 1:colcon.colcon_core.package_discovery:discover_packages(recursive) using defaults
[0.549s] Level 1:colcon.colcon_core.package_discovery:discover_packages(ignore) discover
[0.549s] Level 1:colcon.colcon_core.package_discovery:discover_packages(ignore) using defaults
[0.549s] Level 1:colcon.colcon_core.package_discovery:discover_packages(path) discover
[0.549s] Level 1:colcon.colcon_core.package_discovery:discover_packages(path) using defaults
[0.571s] Level 1:colcon.colcon_core.package_discovery:discover_packages(prefix_path) check parameters
[0.571s] Level 1:colcon.colcon_core.package_discovery:discover_packages(prefix_path) discover
[0.574s] DEBUG:colcon.colcon_installed_package_information.package_discovery:Found 1 installed packages in /home/tony/drive_robot_ws/install
[0.574s] DEBUG:colcon.colcon_installed_package_information.package_discovery:Found 1 installed packages in /home/tony/colcon_ws/install
[0.576s] DEBUG:colcon.colcon_installed_package_information.package_discovery:Found 338 installed packages in /opt/ros/foxy
[0.578s] Level 1:colcon.colcon_core.package_discovery:discover_packages(prefix_path) using defaults
[0.699s] Level 5:colcon.colcon_core.verb:set package 'articubot_one' build argument 'cmake_args' from command line to 'None'
[0.699s] Level 5:colcon.colcon_core.verb:set package 'articubot_one' build argument 'cmake_target' from command line to 'None'
[0.699s] Level 5:colcon.colcon_core.verb:set package 'articubot_one' build argument 'cmake_target_skip_unavailable' from command line to 'False'
[0.699s] Level 5:colcon.colcon_core.verb:set package 'articubot_one' build argument 'cmake_clean_cache' from command line to 'False'
[0.699s] Level 5:colcon.colcon_core.verb:set package 'articubot_one' build argument 'cmake_clean_first' from command line to 'False'
[0.699s] Level 5:colcon.colcon_core.verb:set package 'articubot_one' build argument 'cmake_force_configure' from command line to 'False'
[0.699s] Level 5:colcon.colcon_core.verb:set package 'articubot_one' build argument 'ament_cmake_args' from command line to 'None'
[0.699s] Level 5:colcon.colcon_core.verb:set package 'articubot_one' build argument 'catkin_cmake_args' from command line to 'None'
[0.699s] Level 5:colcon.colcon_core.verb:set package 'articubot_one' build argument 'catkin_skip_building_tests' from command line to 'False'
[0.699s] DEBUG:colcon.colcon_core.verb:Building package 'articubot_one' with the following arguments: {'ament_cmake_args': None, 'build_base': '/home/tony/drive_robot_ws/src/articubot_one/build/articubot_one', 'catkin_cmake_args': None, 'catkin_skip_building_tests': False, 'cmake_args': None, 'cmake_clean_cache': False, 'cmake_clean_first': False, 'cmake_force_configure': False, 'cmake_target': None, 'cmake_target_skip_unavailable': False, 'install_base': '/home/tony/drive_robot_ws/src/articubot_one/install/articubot_one', 'merge_install': False, 'path': '/home/tony/drive_robot_ws/src/articubot_one', 'symlink_install': False, 'test_result_base': None}
[0.699s] INFO:colcon.colcon_core.executor:Executing jobs using 'parallel' executor
[0.701s] DEBUG:colcon.colcon_parallel_executor.executor.parallel:run_until_complete
[0.701s] INFO:colcon.colcon_ros.task.ament_cmake.build:Building ROS package in '/home/tony/drive_robot_ws/src/articubot_one' with build type 'ament_cmake'
[0.701s] INFO:colcon.colcon_cmake.task.cmake.build:Building CMake package in '/home/tony/drive_robot_ws/src/articubot_one'
[0.704s] INFO:colcon.colcon_core.plugin_system:Skipping extension 'colcon_core.shell.bat': Not used on non-Windows systems
[0.704s] INFO:colcon.colcon_core.shell:Skip shell extension 'powershell' for command environment: Not usable outside of PowerShell
[0.704s] DEBUG:colcon.colcon_core.shell:Skip shell extension 'dsv' for command environment
[0.731s] DEBUG:colcon.colcon_core.event_handler.log_command:Invoking command in '/home/tony/drive_robot_ws/src/articubot_one/build/articubot_one': CMAKE_PREFIX_PATH=${CMAKE_PREFIX_PATH}:/opt/ros/foxy /usr/bin/cmake /home/tony/drive_robot_ws/src/articubot_one -DCMAKE_INSTALL_PREFIX=/home/tony/drive_robot_ws/src/articubot_one/install/articubot_one
[4.441s] DEBUG:colcon.colcon_core.event_handler.log_command:Invoked command in '/home/tony/drive_robot_ws/src/articubot_one/build/articubot_one' returned '0': CMAKE_PREFIX_PATH=${CMAKE_PREFIX_PATH}:/opt/ros/foxy /usr/bin/cmake /home/tony/drive_robot_ws/src/articubot_one -DCMAKE_INSTALL_PREFIX=/home/tony/drive_robot_ws/src/articubot_one/install/articubot_one
[4.447s] DEBUG:colcon.colcon_core.event_handler.log_command:Invoking command in '/home/tony/drive_robot_ws/src/articubot_one/build/articubot_one': CMAKE_PREFIX_PATH=${CMAKE_PREFIX_PATH}:/opt/ros/foxy /usr/bin/cmake --build /home/tony/drive_robot_ws/src/articubot_one/build/articubot_one -- -j8 -l8
[4.502s] DEBUG:colcon.colcon_core.event_handler.log_command:Invoked command in '/home/tony/drive_robot_ws/src/articubot_one/build/articubot_one' returned '0': CMAKE_PREFIX_PATH=${CMAKE_PREFIX_PATH}:/opt/ros/foxy /usr/bin/cmake --build /home/tony/drive_robot_ws/src/articubot_one/build/articubot_one -- -j8 -l8
[4.548s] DEBUG:colcon.colcon_core.event_handler.log_command:Invoking command in '/home/tony/drive_robot_ws/src/articubot_one/build/articubot_one': CMAKE_PREFIX_PATH=${CMAKE_PREFIX_PATH}:/opt/ros/foxy /usr/bin/cmake --install /home/tony/drive_robot_ws/src/articubot_one/build/articubot_one
[4.878s] Level 1:colcon.colcon_core.environment:create_environment_scripts_only(articubot_one)
[4.880s] DEBUG:colcon.colcon_core.event_handler.log_command:Invoked command in '/home/tony/drive_robot_ws/src/articubot_one/build/articubot_one' returned '0': CMAKE_PREFIX_PATH=${CMAKE_PREFIX_PATH}:/opt/ros/foxy /usr/bin/cmake --install /home/tony/drive_robot_ws/src/articubot_one/build/articubot_one
[4.888s] Level 1:colcon.colcon_core.environment:checking '/home/tony/drive_robot_ws/src/articubot_one/install/articubot_one' for CMake module files
[4.890s] Level 1:colcon.colcon_core.environment:checking '/home/tony/drive_robot_ws/src/articubot_one/install/articubot_one' for CMake config files
[4.892s] Level 1:colcon.colcon_core.shell:create_environment_hook('articubot_one', 'cmake_prefix_path')
[4.893s] INFO:colcon.colcon_core.shell:Creating environment hook '/home/tony/drive_robot_ws/src/articubot_one/install/articubot_one/share/articubot_one/hook/cmake_prefix_path.ps1'
[4.894s] INFO:colcon.colcon_core.shell:Creating environment descriptor '/home/tony/drive_robot_ws/src/articubot_one/install/articubot_one/share/articubot_one/hook/cmake_prefix_path.dsv'
[4.895s] INFO:colcon.colcon_core.shell:Creating environment hook '/home/tony/drive_robot_ws/src/articubot_one/install/articubot_one/share/articubot_one/hook/cmake_prefix_path.sh'
[4.897s] Level 1:colcon.colcon_core.environment:checking '/home/tony/drive_robot_ws/src/articubot_one/install/articubot_one/lib'
[4.898s] Level 1:colcon.colcon_core.environment:checking '/home/tony/drive_robot_ws/src/articubot_one/install/articubot_one/bin'
[4.898s] Level 1:colcon.colcon_core.environment:checking '/home/tony/drive_robot_ws/src/articubot_one/install/articubot_one/lib/pkgconfig/articubot_one.pc'
[4.899s] Level 1:colcon.colcon_core.environment:checking '/home/tony/drive_robot_ws/src/articubot_one/install/articubot_one/lib/python3.8/site-packages'
[4.899s] Level 1:colcon.colcon_core.environment:checking '/home/tony/drive_robot_ws/src/articubot_one/install/articubot_one/bin'
[4.900s] INFO:colcon.colcon_core.shell:Creating package script '/home/tony/drive_robot_ws/src/articubot_one/install/articubot_one/share/articubot_one/package.ps1'
[4.902s] INFO:colcon.colcon_core.shell:Creating package descriptor '/home/tony/drive_robot_ws/src/articubot_one/install/articubot_one/share/articubot_one/package.dsv'
[4.904s] INFO:colcon.colcon_core.shell:Creating package script '/home/tony/drive_robot_ws/src/articubot_one/install/articubot_one/share/articubot_one/package.sh'
[4.905s] INFO:colcon.colcon_core.shell:Creating package script '/home/tony/drive_robot_ws/src/articubot_one/install/articubot_one/share/articubot_one/package.bash'
[4.906s] INFO:colcon.colcon_core.shell:Creating package script '/home/tony/drive_robot_ws/src/articubot_one/install/articubot_one/share/articubot_one/package.zsh'
[4.908s] Level 1:colcon.colcon_core.environment:create_file_with_runtime_dependencies(/home/tony/drive_robot_ws/src/articubot_one/install/articubot_one/share/colcon-core/packages/articubot_one)
[4.938s] Level 1:colcon.colcon_core.environment:create_environment_scripts_only(articubot_one)
[4.938s] Level 1:colcon.colcon_core.environment:checking '/home/tony/drive_robot_ws/src/articubot_one/install/articubot_one' for CMake module files
[4.939s] Level 1:colcon.colcon_core.environment:checking '/home/tony/drive_robot_ws/src/articubot_one/install/articubot_one' for CMake config files
[4.940s] Level 1:colcon.colcon_core.shell:create_environment_hook('articubot_one', 'cmake_prefix_path')
[4.940s] INFO:colcon.colcon_core.shell:Creating environment hook '/home/tony/drive_robot_ws/src/articubot_one/install/articubot_one/share/articubot_one/hook/cmake_prefix_path.ps1'
[4.941s] INFO:colcon.colcon_core.shell:Creating environment descriptor '/home/tony/drive_robot_ws/src/articubot_one/install/articubot_one/share/articubot_one/hook/cmake_prefix_path.dsv'
[4.941s] INFO:colcon.colcon_core.shell:Creating environment hook '/home/tony/drive_robot_ws/src/articubot_one/install/articubot_one/share/articubot_one/hook/cmake_prefix_path.sh'
[4.942s] Level 1:colcon.colcon_core.environment:checking '/home/tony/drive_robot_ws/src/articubot_one/install/articubot_one/lib'
[4.942s] Level 1:colcon.colcon_core.environment:checking '/home/tony/drive_robot_ws/src/articubot_one/install/articubot_one/bin'
[4.942s] Level 1:colcon.colcon_core.environment:checking '/home/tony/drive_robot_ws/src/articubot_one/install/articubot_one/lib/pkgconfig/articubot_one.pc'
[4.942s] Level 1:colcon.colcon_core.environment:checking '/home/tony/drive_robot_ws/src/articubot_one/install/articubot_one/lib/python3.8/site-packages'
[4.942s] Level 1:colcon.colcon_core.environment:checking '/home/tony/drive_robot_ws/src/articubot_one/install/articubot_one/bin'
[4.943s] INFO:colcon.colcon_core.shell:Creating package script '/home/tony/drive_robot_ws/src/articubot_one/install/articubot_one/share/articubot_one/package.ps1'
[4.944s] INFO:colcon.colcon_core.shell:Creating package descriptor '/home/tony/drive_robot_ws/src/articubot_one/install/articubot_one/share/articubot_one/package.dsv'
[4.944s] INFO:colcon.colcon_core.shell:Creating package script '/home/tony/drive_robot_ws/src/articubot_one/install/articubot_one/share/articubot_one/package.sh'
[4.944s] INFO:colcon.colcon_core.shell:Creating package script '/home/tony/drive_robot_ws/src/articubot_one/install/articubot_one/share/articubot_one/package.bash'
[4.945s] INFO:colcon.colcon_core.shell:Creating package script '/home/tony/drive_robot_ws/src/articubot_one/install/articubot_one/share/articubot_one/package.zsh'
[4.946s] Level 1:colcon.colcon_core.environment:create_file_with_runtime_dependencies(/home/tony/drive_robot_ws/src/articubot_one/install/articubot_one/share/colcon-core/packages/articubot_one)
[4.946s] DEBUG:colcon.colcon_parallel_executor.executor.parallel:closing loop
[4.947s] DEBUG:colcon.colcon_parallel_executor.executor.parallel:loop closed
[4.947s] DEBUG:colcon.colcon_parallel_executor.executor.parallel:run_until_complete finished with '0'
[4.947s] DEBUG:colcon.colcon_core.event_reactor:joining thread
[4.969s] INFO:colcon.colcon_core.plugin_system:Skipping extension 'colcon_notification.desktop_notification.terminal_notifier': Not used on non-Darwin systems
[4.969s] INFO:colcon.colcon_core.plugin_system:Skipping extension 'colcon_notification.desktop_notification.win32': Not used on non-Windows systems
[4.970s] INFO:colcon.colcon_notification.desktop_notification:Sending desktop notification using 'notify2'
[4.993s] DEBUG:colcon.colcon_core.event_reactor:joined thread
[4.993s] INFO:colcon.colcon_core.shell:Creating prefix script '/home/tony/drive_robot_ws/src/articubot_one/install/local_setup.ps1'
[4.995s] INFO:colcon.colcon_core.shell:Creating prefix util module '/home/tony/drive_robot_ws/src/articubot_one/install/_local_setup_util_ps1.py'
[4.998s] INFO:colcon.colcon_core.shell:Creating prefix chain script '/home/tony/drive_robot_ws/src/articubot_one/install/setup.ps1'
[5.001s] INFO:colcon.colcon_core.shell:Creating prefix script '/home/tony/drive_robot_ws/src/articubot_one/install/local_setup.sh'
[5.002s] INFO:colcon.colcon_core.shell:Creating prefix util module '/home/tony/drive_robot_ws/src/articubot_one/install/_local_setup_util_sh.py'
[5.003s] INFO:colcon.colcon_core.shell:Creating prefix chain script '/home/tony/drive_robot_ws/src/articubot_one/install/setup.sh'
[5.005s] INFO:colcon.colcon_core.shell:Creating prefix script '/home/tony/drive_robot_ws/src/articubot_one/install/local_setup.bash'
[5.006s] INFO:colcon.colcon_core.shell:Creating prefix chain script '/home/tony/drive_robot_ws/src/articubot_one/install/setup.bash'
[5.008s] INFO:colcon.colcon_core.shell:Creating prefix script '/home/tony/drive_robot_ws/src/articubot_one/install/local_setup.zsh'
[5.009s] INFO:colcon.colcon_core.shell:Creating prefix chain script '/home/tony/drive_robot_ws/src/articubot_one/install/setup.zsh'
